[debug] [2020-09-30T14:03:50.976Z] ----------------------------------------------------------------------
[debug] [2020-09-30T14:03:50.978Z] Command:       /usr/local/bin/node /usr/local/bin/firebase deploy --only functions:payment
[debug] [2020-09-30T14:03:50.978Z] CLI Version:   8.11.2
[debug] [2020-09-30T14:03:50.978Z] Platform:      darwin
[debug] [2020-09-30T14:03:50.978Z] Node Version:  v10.16.3
[debug] [2020-09-30T14:03:50.979Z] Time:          Wed Sep 30 2020 16:03:50 GMT+0200 (Central European Summer Time)
[debug] [2020-09-30T14:03:50.979Z] ----------------------------------------------------------------------
[debug] [2020-09-30T14:03:50.979Z] 
[debug] [2020-09-30T14:03:50.988Z] > command requires scopes: ["email","openid","https://www.googleapis.com/auth/cloudplatformprojects.readonly","https://www.googleapis.com/auth/firebase","https://www.googleapis.com/auth/cloud-platform"]
[debug] [2020-09-30T14:03:50.989Z] > authorizing via signed-in user
[debug] [2020-09-30T14:03:50.989Z] [iam] checking project oxfit-0001 for permissions ["cloudfunctions.functions.create","cloudfunctions.functions.delete","cloudfunctions.functions.get","cloudfunctions.functions.list","cloudfunctions.functions.update","cloudfunctions.operations.get","firebase.projects.get"]
[debug] [2020-09-30T14:03:50.992Z] >>> HTTP REQUEST POST https://cloudresourcemanager.googleapis.com/v1/projects/oxfit-0001:testIamPermissions  
 {"permissions":["cloudfunctions.functions.create","cloudfunctions.functions.delete","cloudfunctions.functions.get","cloudfunctions.functions.list","cloudfunctions.functions.update","cloudfunctions.operations.get","firebase.projects.get"]}
[debug] [2020-09-30T14:03:51.913Z] <<< HTTP RESPONSE 200 {"content-type":"application/json; charset=UTF-8","vary":"X-Origin, Referer, Origin,Accept-Encoding","date":"Wed, 30 Sep 2020 14:03:51 GMT","server":"ESF","cache-control":"private","x-xss-protection":"0","x-frame-options":"SAMEORIGIN","x-content-type-options":"nosniff","server-timing":"gfet4t7; dur=617","alt-svc":"h3-Q050=\":443\"; ma=2592000,h3-29=\":443\"; ma=2592000,h3-27=\":443\"; ma=2592000,h3-T051=\":443\"; ma=2592000,h3-T050=\":443\"; ma=2592000,h3-Q046=\":443\"; ma=2592000,h3-Q043=\":443\"; ma=2592000,quic=\":443\"; ma=2592000; v=\"46,43\"","accept-ranges":"none","transfer-encoding":"chunked"}
[debug] [2020-09-30T14:03:51.916Z] >>> HTTP REQUEST POST https://iam.googleapis.com/v1/projects/oxfit-0001/serviceAccounts/oxfit-0001@appspot.gserviceaccount.com:testIamPermissions  
 {"permissions":["iam.serviceAccounts.actAs"]}
[debug] [2020-09-30T14:03:52.220Z] <<< HTTP RESPONSE 200 {"content-type":"application/json; charset=UTF-8","vary":"X-Origin, Referer, Origin,Accept-Encoding","date":"Wed, 30 Sep 2020 14:03:52 GMT","server":"ESF","cache-control":"private","x-xss-protection":"0","x-frame-options":"SAMEORIGIN","x-content-type-options":"nosniff","alt-svc":"h3-Q050=\":443\"; ma=2592000,h3-29=\":443\"; ma=2592000,h3-27=\":443\"; ma=2592000,h3-T051=\":443\"; ma=2592000,h3-T050=\":443\"; ma=2592000,h3-Q046=\":443\"; ma=2592000,h3-Q043=\":443\"; ma=2592000,quic=\":443\"; ma=2592000; v=\"46,43\"","accept-ranges":"none","transfer-encoding":"chunked"}
[warn] ⚠  functions: package.json indicates an outdated version of firebase-functions.
Please upgrade using npm install --save firebase-functions@latest in your functions directory. 
[info] 
[info] === Deploying to 'oxfit-0001'...
[info] 
[info] i  deploying functions 
[info] Running command: npm --prefix "$RESOURCE_DIR" run lint
[info] Running command: npm --prefix "$RESOURCE_DIR" run build
[info] ✔  functions: Finished running predeploy script. 
[debug] [2020-09-30T14:04:07.648Z] > [functions] package.json contents: {
  "name": "functions",
  "scripts": {
    "lint": "tslint --project tsconfig.json",
    "build": "tsc",
    "serve": "npm run build && firebase emulators:start --only functions",
    "shell": "npm run build && firebase functions:shell",
    "start": "npm run shell",
    "deploy": "firebase deploy --only functions",
    "logs": "firebase functions:log"
  },
  "engines": {
    "node": "10"
  },
  "main": "lib/index.js",
  "dependencies": {
    "axios": "^0.20.0",
    "cors": "^2.8.5",
    "firebase-admin": "^8.10.0",
    "firebase-functions": "^3.9.0",
    "stripe": "^8.68.0"
  },
  "devDependencies": {
    "tslint": "^5.12.0",
    "typescript": "^3.8.0",
    "firebase-functions-test": "^0.2.0"
  },
  "private": true
}
[info] i  functions: ensuring required API cloudfunctions.googleapis.com is enabled... 
[info] i  functions: ensuring required API cloudbuild.googleapis.com is enabled... 
[debug] [2020-09-30T14:04:09.334Z] >>> HTTP REQUEST GET https://serviceusage.googleapis.com/v1/projects/oxfit-0001/services/cloudfunctions.googleapis.com  
 
[debug] [2020-09-30T14:04:09.334Z] >>> HTTP REQUEST GET https://serviceusage.googleapis.com/v1/projects/oxfit-0001/services/runtimeconfig.googleapis.com  
 
[debug] [2020-09-30T14:04:09.335Z] >>> HTTP REQUEST GET https://serviceusage.googleapis.com/v1/projects/oxfit-0001/services/cloudbuild.googleapis.com  
 
[debug] [2020-09-30T14:04:10.251Z] <<< HTTP RESPONSE 200 {"content-type":"application/json; charset=UTF-8","vary":"X-Origin, Referer, Origin,Accept-Encoding","date":"Wed, 30 Sep 2020 14:04:10 GMT","server":"ESF","cache-control":"private","x-xss-protection":"0","x-frame-options":"SAMEORIGIN","x-content-type-options":"nosniff","alt-svc":"h3-Q050=\":443\"; ma=2592000,h3-29=\":443\"; ma=2592000,h3-27=\":443\"; ma=2592000,h3-T051=\":443\"; ma=2592000,h3-T050=\":443\"; ma=2592000,h3-Q046=\":443\"; ma=2592000,h3-Q043=\":443\"; ma=2592000,quic=\":443\"; ma=2592000; v=\"46,43\"","accept-ranges":"none","transfer-encoding":"chunked"}
[debug] [2020-09-30T14:04:10.263Z] <<< HTTP RESPONSE 200 {"content-type":"application/json; charset=UTF-8","vary":"X-Origin, Referer, Origin,Accept-Encoding","date":"Wed, 30 Sep 2020 14:04:10 GMT","server":"ESF","cache-control":"private","x-xss-protection":"0","x-frame-options":"SAMEORIGIN","x-content-type-options":"nosniff","alt-svc":"h3-Q050=\":443\"; ma=2592000,h3-29=\":443\"; ma=2592000,h3-27=\":443\"; ma=2592000,h3-T051=\":443\"; ma=2592000,h3-T050=\":443\"; ma=2592000,h3-Q046=\":443\"; ma=2592000,h3-Q043=\":443\"; ma=2592000,quic=\":443\"; ma=2592000; v=\"46,43\"","accept-ranges":"none","transfer-encoding":"chunked"}
[info] ✔  functions: required API cloudbuild.googleapis.com is enabled 
[debug] [2020-09-30T14:04:10.285Z] <<< HTTP RESPONSE 200 {"content-type":"application/json; charset=UTF-8","vary":"X-Origin, Referer, Origin,Accept-Encoding","date":"Wed, 30 Sep 2020 14:04:10 GMT","server":"ESF","cache-control":"private","x-xss-protection":"0","x-frame-options":"SAMEORIGIN","x-content-type-options":"nosniff","alt-svc":"h3-Q050=\":443\"; ma=2592000,h3-29=\":443\"; ma=2592000,h3-27=\":443\"; ma=2592000,h3-T051=\":443\"; ma=2592000,h3-T050=\":443\"; ma=2592000,h3-Q046=\":443\"; ma=2592000,h3-Q043=\":443\"; ma=2592000,quic=\":443\"; ma=2592000; v=\"46,43\"","accept-ranges":"none","transfer-encoding":"chunked"}
[info] ✔  functions: required API cloudfunctions.googleapis.com is enabled 
[debug] [2020-09-30T14:04:10.286Z] >>> HTTP REQUEST GET https://firebase.googleapis.com/v1beta1/projects/oxfit-0001/adminSdkConfig  
 
[debug] [2020-09-30T14:04:10.751Z] <<< HTTP RESPONSE 200 {"content-type":"application/json; charset=UTF-8","vary":"X-Origin, Referer, Origin,Accept-Encoding","date":"Wed, 30 Sep 2020 14:04:10 GMT","server":"ESF","cache-control":"private","x-xss-protection":"0","x-frame-options":"SAMEORIGIN","x-content-type-options":"nosniff","alt-svc":"h3-Q050=\":443\"; ma=2592000,h3-29=\":443\"; ma=2592000,h3-27=\":443\"; ma=2592000,h3-T051=\":443\"; ma=2592000,h3-T050=\":443\"; ma=2592000,h3-Q046=\":443\"; ma=2592000,h3-Q043=\":443\"; ma=2592000,quic=\":443\"; ma=2592000; v=\"46,43\"","accept-ranges":"none","transfer-encoding":"chunked"}
[info] i  functions: preparing functions directory for uploading... 
[debug] [2020-09-30T14:04:10.754Z] >>> HTTP REQUEST GET https://runtimeconfig.googleapis.com/v1beta1/projects/oxfit-0001/configs  
 
[debug] [2020-09-30T14:04:11.253Z] <<< HTTP RESPONSE 200 {"content-type":"application/json; charset=UTF-8","vary":"X-Origin, Referer, Origin,Accept-Encoding","date":"Wed, 30 Sep 2020 14:04:11 GMT","server":"ESF","cache-control":"private","x-xss-protection":"0","x-frame-options":"SAMEORIGIN","x-content-type-options":"nosniff","alt-svc":"h3-Q050=\":443\"; ma=2592000,h3-29=\":443\"; ma=2592000,h3-27=\":443\"; ma=2592000,h3-T051=\":443\"; ma=2592000,h3-T050=\":443\"; ma=2592000,h3-Q046=\":443\"; ma=2592000,h3-Q043=\":443\"; ma=2592000,quic=\":443\"; ma=2592000; v=\"46,43\"","accept-ranges":"none","transfer-encoding":"chunked"}
[debug] [2020-09-30T14:04:11.254Z] >>> HTTP REQUEST GET https://runtimeconfig.googleapis.com/v1beta1/projects/oxfit-0001/configs/messaging/variables  
 
[debug] [2020-09-30T14:04:11.255Z] >>> HTTP REQUEST GET https://runtimeconfig.googleapis.com/v1beta1/projects/oxfit-0001/configs/stripe/variables  
 
[debug] [2020-09-30T14:04:11.255Z] >>> HTTP REQUEST GET https://runtimeconfig.googleapis.com/v1beta1/projects/oxfit-0001/configs/database/variables  
 
[debug] [2020-09-30T14:04:11.523Z] <<< HTTP RESPONSE 200 {"content-type":"application/json; charset=UTF-8","vary":"X-Origin, Referer, Origin,Accept-Encoding","date":"Wed, 30 Sep 2020 14:04:11 GMT","server":"ESF","cache-control":"private","x-xss-protection":"0","x-frame-options":"SAMEORIGIN","x-content-type-options":"nosniff","alt-svc":"h3-Q050=\":443\"; ma=2592000,h3-29=\":443\"; ma=2592000,h3-27=\":443\"; ma=2592000,h3-T051=\":443\"; ma=2592000,h3-T050=\":443\"; ma=2592000,h3-Q046=\":443\"; ma=2592000,h3-Q043=\":443\"; ma=2592000,quic=\":443\"; ma=2592000; v=\"46,43\"","accept-ranges":"none","transfer-encoding":"chunked"}
[debug] [2020-09-30T14:04:11.524Z] >>> HTTP REQUEST GET https://runtimeconfig.googleapis.com/v1beta1/projects/oxfit-0001/configs/messaging/variables/key  
 
[debug] [2020-09-30T14:04:11.602Z] <<< HTTP RESPONSE 200 {"content-type":"application/json; charset=UTF-8","vary":"X-Origin, Referer, Origin,Accept-Encoding","date":"Wed, 30 Sep 2020 14:04:11 GMT","server":"ESF","cache-control":"private","x-xss-protection":"0","x-frame-options":"SAMEORIGIN","x-content-type-options":"nosniff","alt-svc":"h3-Q050=\":443\"; ma=2592000,h3-29=\":443\"; ma=2592000,h3-27=\":443\"; ma=2592000,h3-T051=\":443\"; ma=2592000,h3-T050=\":443\"; ma=2592000,h3-Q046=\":443\"; ma=2592000,h3-Q043=\":443\"; ma=2592000,quic=\":443\"; ma=2592000; v=\"46,43\"","accept-ranges":"none","transfer-encoding":"chunked"}
[debug] [2020-09-30T14:04:11.603Z] >>> HTTP REQUEST GET https://runtimeconfig.googleapis.com/v1beta1/projects/oxfit-0001/configs/database/variables/url  
 
[debug] [2020-09-30T14:04:12.073Z] <<< HTTP RESPONSE 200 {"content-type":"application/json; charset=UTF-8","vary":"X-Origin, Referer, Origin,Accept-Encoding","date":"Wed, 30 Sep 2020 14:04:11 GMT","server":"ESF","cache-control":"private","x-xss-protection":"0","x-frame-options":"SAMEORIGIN","x-content-type-options":"nosniff","alt-svc":"h3-Q050=\":443\"; ma=2592000,h3-29=\":443\"; ma=2592000,h3-27=\":443\"; ma=2592000,h3-T051=\":443\"; ma=2592000,h3-T050=\":443\"; ma=2592000,h3-Q046=\":443\"; ma=2592000,h3-Q043=\":443\"; ma=2592000,quic=\":443\"; ma=2592000; v=\"46,43\"","accept-ranges":"none","transfer-encoding":"chunked"}
[debug] [2020-09-30T14:04:12.074Z] >>> HTTP REQUEST GET https://runtimeconfig.googleapis.com/v1beta1/projects/oxfit-0001/configs/stripe/variables/secret  
 
[debug] [2020-09-30T14:04:12.075Z] >>> HTTP REQUEST GET https://runtimeconfig.googleapis.com/v1beta1/projects/oxfit-0001/configs/stripe/variables/whsecret  
 
[debug] [2020-09-30T14:04:12.081Z] <<< HTTP RESPONSE 200 {"content-type":"application/json; charset=UTF-8","vary":"X-Origin, Referer, Origin,Accept-Encoding","date":"Wed, 30 Sep 2020 14:04:11 GMT","server":"ESF","cache-control":"private","x-xss-protection":"0","x-frame-options":"SAMEORIGIN","x-content-type-options":"nosniff","alt-svc":"h3-Q050=\":443\"; ma=2592000,h3-29=\":443\"; ma=2592000,h3-27=\":443\"; ma=2592000,h3-T051=\":443\"; ma=2592000,h3-T050=\":443\"; ma=2592000,h3-Q046=\":443\"; ma=2592000,h3-Q043=\":443\"; ma=2592000,quic=\":443\"; ma=2592000; v=\"46,43\"","accept-ranges":"none","transfer-encoding":"chunked"}
[debug] [2020-09-30T14:04:12.385Z] <<< HTTP RESPONSE 200 {"content-type":"application/json; charset=UTF-8","vary":"X-Origin, Referer, Origin,Accept-Encoding","date":"Wed, 30 Sep 2020 14:04:12 GMT","server":"ESF","cache-control":"private","x-xss-protection":"0","x-frame-options":"SAMEORIGIN","x-content-type-options":"nosniff","alt-svc":"h3-Q050=\":443\"; ma=2592000,h3-29=\":443\"; ma=2592000,h3-27=\":443\"; ma=2592000,h3-T051=\":443\"; ma=2592000,h3-T050=\":443\"; ma=2592000,h3-Q046=\":443\"; ma=2592000,h3-Q043=\":443\"; ma=2592000,quic=\":443\"; ma=2592000; v=\"46,43\"","accept-ranges":"none","transfer-encoding":"chunked"}
[debug] [2020-09-30T14:04:12.517Z] <<< HTTP RESPONSE 200 {"content-type":"application/json; charset=UTF-8","vary":"X-Origin, Referer, Origin,Accept-Encoding","date":"Wed, 30 Sep 2020 14:04:12 GMT","server":"ESF","cache-control":"private","x-xss-protection":"0","x-frame-options":"SAMEORIGIN","x-content-type-options":"nosniff","alt-svc":"h3-Q050=\":443\"; ma=2592000,h3-29=\":443\"; ma=2592000,h3-27=\":443\"; ma=2592000,h3-T051=\":443\"; ma=2592000,h3-T050=\":443\"; ma=2592000,h3-Q046=\":443\"; ma=2592000,h3-Q043=\":443\"; ma=2592000,quic=\":443\"; ma=2592000; v=\"46,43\"","accept-ranges":"none","transfer-encoding":"chunked"}
[debug] [2020-09-30T14:04:12.524Z] <<< HTTP RESPONSE 200 {"content-type":"application/json; charset=UTF-8","vary":"X-Origin, Referer, Origin,Accept-Encoding","date":"Wed, 30 Sep 2020 14:04:12 GMT","server":"ESF","cache-control":"private","x-xss-protection":"0","x-frame-options":"SAMEORIGIN","x-content-type-options":"nosniff","alt-svc":"h3-Q050=\":443\"; ma=2592000,h3-29=\":443\"; ma=2592000,h3-27=\":443\"; ma=2592000,h3-T051=\":443\"; ma=2592000,h3-T050=\":443\"; ma=2592000,h3-Q046=\":443\"; ma=2592000,h3-Q043=\":443\"; ma=2592000,quic=\":443\"; ma=2592000; v=\"46,43\"","accept-ranges":"none","transfer-encoding":"chunked"}
[info] i  functions: packaged functions (48.34 KB) for uploading 
[debug] [2020-09-30T14:04:12.858Z] >>> HTTP REQUEST GET https://cloudfunctions.googleapis.com/v1/projects/oxfit-0001/locations/-/functions  
 
[debug] [2020-09-30T14:04:13.612Z] <<< HTTP RESPONSE 200 {"content-type":"application/json; charset=UTF-8","vary":"X-Origin, Referer, Origin,Accept-Encoding","date":"Wed, 30 Sep 2020 14:04:13 GMT","server":"ESF","cache-control":"private","x-xss-protection":"0","x-frame-options":"SAMEORIGIN","x-content-type-options":"nosniff","alt-svc":"h3-Q050=\":443\"; ma=2592000,h3-29=\":443\"; ma=2592000,h3-27=\":443\"; ma=2592000,h3-T051=\":443\"; ma=2592000,h3-T050=\":443\"; ma=2592000,h3-Q046=\":443\"; ma=2592000,h3-Q043=\":443\"; ma=2592000,quic=\":443\"; ma=2592000; v=\"46,43\"","accept-ranges":"none","transfer-encoding":"chunked"}
[debug] [2020-09-30T14:04:13.621Z] >>> HTTP REQUEST POST https://cloudfunctions.googleapis.com/v1/projects/oxfit-0001/locations/us-central1/functions:generateUploadUrl  
 
[debug] [2020-09-30T14:04:14.632Z] <<< HTTP RESPONSE 200 {"content-type":"application/json; charset=UTF-8","vary":"X-Origin, Referer, Origin,Accept-Encoding","date":"Wed, 30 Sep 2020 14:04:14 GMT","server":"ESF","cache-control":"private","x-xss-protection":"0","x-frame-options":"SAMEORIGIN","x-content-type-options":"nosniff","alt-svc":"h3-Q050=\":443\"; ma=2592000,h3-29=\":443\"; ma=2592000,h3-27=\":443\"; ma=2592000,h3-T051=\":443\"; ma=2592000,h3-T050=\":443\"; ma=2592000,h3-Q046=\":443\"; ma=2592000,h3-Q043=\":443\"; ma=2592000,quic=\":443\"; ma=2592000; v=\"46,43\"","accept-ranges":"none","transfer-encoding":"chunked"}
[debug] [2020-09-30T14:04:14.633Z] >>> HTTP REQUEST PUT https://storage.googleapis.com/gcf-upload-us-central1-b9449c9e-c9da-40c2-883b-795f4ff51aa9/a22843b6-ddd8-402a-b4f1-4d57b6c6d438.zip?GoogleAccessId=service-808945018716@gcf-admin-robot.iam.gserviceaccount.com&Expires=1601476454&Signature=XzGhbHSWyI%2FkHiC%2F0FMq0gEvsXl%2BYahg4mOYUJEslDa48lxiPGsgL7B16tGIbr9l0HlSNrjTmmHqF6CkAKeLKvNKcpyJTTgIOSGGz65%2BF68x%2FeGUlFMPOAwG7AmOAjqiAMO36vzzTqpRo0vSxK1jR%2FTQzRdFV2O6jUOFK7XOE%2BWKemmO%2F%2BWqoqgSsGOsyScKXaqQFoJmXN5fCj9gVg5aNrvp3ihihDUU7Z2%2Fiquo1He0Yl3E1Z%2FHGXSlL8yXTO15llXhXQaRNJ9p8P4mZuuSQZg6cwLDoNVp734001v7cznnM0OI8tYf1GOL9sHxtmvKcAPINoVaRDRG4DW%2F6CZuFA%3D%3D  
 <request body omitted>
[debug] [2020-09-30T14:04:15.348Z] <<< HTTP RESPONSE 200 {"x-guploader-uploadid":"ABg5-UzQc0bEh9t98V8936GnIGA5qLo4rvvzb1NMqYnAonRAZZGHgULFWzJlUkRiZOZJdoDeIibGSsIq5Nzijdo63jncBGxGhQ","etag":"\"e7e05c7d586ca7fb77f643810eb79243\"","x-goog-generation":"1601474655119387","x-goog-metageneration":"1","x-goog-hash":"crc32c=0bSX5Q==, md5=5+BcfVhsp/t39kOBDreSQw==","x-goog-stored-content-length":"49504","x-goog-stored-content-encoding":"identity","vary":"Origin","content-length":"0","date":"Wed, 30 Sep 2020 14:04:15 GMT","server":"UploadServer","content-type":"text/html; charset=UTF-8","alt-svc":"h3-Q050=\":443\"; ma=2592000,h3-29=\":443\"; ma=2592000,h3-27=\":443\"; ma=2592000,h3-T051=\":443\"; ma=2592000,h3-T050=\":443\"; ma=2592000,h3-Q046=\":443\"; ma=2592000,h3-Q043=\":443\"; ma=2592000,quic=\":443\"; ma=2592000; v=\"46,43\""}
[info] ✔  functions: functions folder uploaded successfully 
[debug] [2020-09-30T14:04:15.351Z] > [functions] filtering triggers to: [
  "projects/oxfit-0001/locations/us-central1/functions/payment"
]
[info] i  functions: current functions in project: checkAccess(us-central1), generalSubscription(us-central1), payment(us-central1), premiumAccess(us-central1), successfulPayment(us-central1) 
[info] i  functions: uploading functions in project: payment(us-central1) 
[info] i  functions: updating Node.js 10 function payment(us-central1)... 
[debug] [2020-09-30T14:04:15.355Z] Trigger is:  {"httpsTrigger":{}}
[debug] [2020-09-30T14:04:15.358Z] >>> HTTP REQUEST PATCH https://cloudfunctions.googleapis.com/v1/projects/oxfit-0001/locations/us-central1/functions/payment {"updateMask":"sourceUploadUrl,name,labels,runtime,environmentVariables,httpsTrigger"} 
 {"sourceUploadUrl":"https://storage.googleapis.com/gcf-upload-us-central1-b9449c9e-c9da-40c2-883b-795f4ff51aa9/a22843b6-ddd8-402a-b4f1-4d57b6c6d438.zip?GoogleAccessId=service-808945018716@gcf-admin-robot.iam.gserviceaccount.com&Expires=1601476454&Signature=XzGhbHSWyI%2FkHiC%2F0FMq0gEvsXl%2BYahg4mOYUJEslDa48lxiPGsgL7B16tGIbr9l0HlSNrjTmmHqF6CkAKeLKvNKcpyJTTgIOSGGz65%2BF68x%2FeGUlFMPOAwG7AmOAjqiAMO36vzzTqpRo0vSxK1jR%2FTQzRdFV2O6jUOFK7XOE%2BWKemmO%2F%2BWqoqgSsGOsyScKXaqQFoJmXN5fCj9gVg5aNrvp3ihihDUU7Z2%2Fiquo1He0Yl3E1Z%2FHGXSlL8yXTO15llXhXQaRNJ9p8P4mZuuSQZg6cwLDoNVp734001v7cznnM0OI8tYf1GOL9sHxtmvKcAPINoVaRDRG4DW%2F6CZuFA%3D%3D","name":"projects/oxfit-0001/locations/us-central1/functions/payment","labels":{"deployment-tool":"cli-firebase"},"httpsTrigger":{},"runtime":"nodejs10","environmentVariables":{"FIREBASE_CONFIG":"{\"projectId\":\"oxfit-0001\",\"databaseURL\":\"https://oxfit-0001.firebaseio.com\",\"storageBucket\":\"oxfit-0001.appspot.com\",\"locationId\":\"europe-west\"}"}}
[debug] [2020-09-30T14:04:16.272Z] <<< HTTP RESPONSE 200 {"content-type":"application/json; charset=UTF-8","vary":"X-Origin, Referer, Origin,Accept-Encoding","date":"Wed, 30 Sep 2020 14:04:16 GMT","server":"ESF","cache-control":"private","x-xss-protection":"0","x-frame-options":"SAMEORIGIN","x-content-type-options":"nosniff","alt-svc":"h3-Q050=\":443\"; ma=2592000,h3-29=\":443\"; ma=2592000,h3-27=\":443\"; ma=2592000,h3-T051=\":443\"; ma=2592000,h3-T050=\":443\"; ma=2592000,h3-Q046=\":443\"; ma=2592000,h3-Q043=\":443\"; ma=2592000,quic=\":443\"; ma=2592000; v=\"46,43\"","accept-ranges":"none","transfer-encoding":"chunked"}
[debug] [2020-09-30T14:04:16.277Z] >>> HTTP REQUEST GET https://cloudfunctions.googleapis.com/v1/projects/oxfit-0001/locations/-/functions  
 
[debug] [2020-09-30T14:04:16.885Z] <<< HTTP RESPONSE 200 {"content-type":"application/json; charset=UTF-8","vary":"X-Origin, Referer, Origin,Accept-Encoding","date":"Wed, 30 Sep 2020 14:04:16 GMT","server":"ESF","cache-control":"private","x-xss-protection":"0","x-frame-options":"SAMEORIGIN","x-content-type-options":"nosniff","alt-svc":"h3-Q050=\":443\"; ma=2592000,h3-29=\":443\"; ma=2592000,h3-27=\":443\"; ma=2592000,h3-T051=\":443\"; ma=2592000,h3-T050=\":443\"; ma=2592000,h3-Q046=\":443\"; ma=2592000,h3-Q043=\":443\"; ma=2592000,quic=\":443\"; ma=2592000; v=\"46,43\"","accept-ranges":"none","transfer-encoding":"chunked"}
[debug] [2020-09-30T14:04:16.886Z] >>> HTTP REQUEST GET https://cloudfunctions.googleapis.com/v1/operations/b3hmaXQtMDAwMS91cy1jZW50cmFsMS9wYXltZW50L3JXZ3g3MUxoSGRZ  
 
[debug] [2020-09-30T14:04:17.208Z] <<< HTTP RESPONSE 200 {"content-type":"application/json; charset=UTF-8","vary":"X-Origin, Referer, Origin,Accept-Encoding","date":"Wed, 30 Sep 2020 14:04:17 GMT","server":"ESF","cache-control":"private","x-xss-protection":"0","x-frame-options":"SAMEORIGIN","x-content-type-options":"nosniff","alt-svc":"h3-Q050=\":443\"; ma=2592000,h3-29=\":443\"; ma=2592000,h3-27=\":443\"; ma=2592000,h3-T051=\":443\"; ma=2592000,h3-T050=\":443\"; ma=2592000,h3-Q046=\":443\"; ma=2592000,h3-Q043=\":443\"; ma=2592000,quic=\":443\"; ma=2592000; v=\"46,43\"","accept-ranges":"none","transfer-encoding":"chunked"}
[debug] [2020-09-30T14:04:19.210Z] >>> HTTP REQUEST GET https://cloudfunctions.googleapis.com/v1/operations/b3hmaXQtMDAwMS91cy1jZW50cmFsMS9wYXltZW50L3JXZ3g3MUxoSGRZ  
 
[debug] [2020-09-30T14:04:19.490Z] <<< HTTP RESPONSE 200 {"content-type":"application/json; charset=UTF-8","vary":"X-Origin, Referer, Origin,Accept-Encoding","date":"Wed, 30 Sep 2020 14:04:19 GMT","server":"ESF","cache-control":"private","x-xss-protection":"0","x-frame-options":"SAMEORIGIN","x-content-type-options":"nosniff","alt-svc":"h3-Q050=\":443\"; ma=2592000,h3-29=\":443\"; ma=2592000,h3-27=\":443\"; ma=2592000,h3-T051=\":443\"; ma=2592000,h3-T050=\":443\"; ma=2592000,h3-Q046=\":443\"; ma=2592000,h3-Q043=\":443\"; ma=2592000,quic=\":443\"; ma=2592000; v=\"46,43\"","accept-ranges":"none","transfer-encoding":"chunked"}
[debug] [2020-09-30T14:04:21.492Z] >>> HTTP REQUEST GET https://cloudfunctions.googleapis.com/v1/operations/b3hmaXQtMDAwMS91cy1jZW50cmFsMS9wYXltZW50L3JXZ3g3MUxoSGRZ  
 
[debug] [2020-09-30T14:04:21.783Z] <<< HTTP RESPONSE 200 {"content-type":"application/json; charset=UTF-8","vary":"X-Origin, Referer, Origin,Accept-Encoding","date":"Wed, 30 Sep 2020 14:04:21 GMT","server":"ESF","cache-control":"private","x-xss-protection":"0","x-frame-options":"SAMEORIGIN","x-content-type-options":"nosniff","alt-svc":"h3-Q050=\":443\"; ma=2592000,h3-29=\":443\"; ma=2592000,h3-27=\":443\"; ma=2592000,h3-T051=\":443\"; ma=2592000,h3-T050=\":443\"; ma=2592000,h3-Q046=\":443\"; ma=2592000,h3-Q043=\":443\"; ma=2592000,quic=\":443\"; ma=2592000; v=\"46,43\"","accept-ranges":"none","transfer-encoding":"chunked"}
[debug] [2020-09-30T14:04:23.785Z] >>> HTTP REQUEST GET https://cloudfunctions.googleapis.com/v1/operations/b3hmaXQtMDAwMS91cy1jZW50cmFsMS9wYXltZW50L3JXZ3g3MUxoSGRZ  
 
[debug] [2020-09-30T14:04:24.059Z] <<< HTTP RESPONSE 200 {"content-type":"application/json; charset=UTF-8","vary":"X-Origin, Referer, Origin,Accept-Encoding","date":"Wed, 30 Sep 2020 14:04:24 GMT","server":"ESF","cache-control":"private","x-xss-protection":"0","x-frame-options":"SAMEORIGIN","x-content-type-options":"nosniff","alt-svc":"h3-Q050=\":443\"; ma=2592000,h3-29=\":443\"; ma=2592000,h3-27=\":443\"; ma=2592000,h3-T051=\":443\"; ma=2592000,h3-T050=\":443\"; ma=2592000,h3-Q046=\":443\"; ma=2592000,h3-Q043=\":443\"; ma=2592000,quic=\":443\"; ma=2592000; v=\"46,43\"","accept-ranges":"none","transfer-encoding":"chunked"}
[debug] [2020-09-30T14:04:26.065Z] >>> HTTP REQUEST GET https://cloudfunctions.googleapis.com/v1/operations/b3hmaXQtMDAwMS91cy1jZW50cmFsMS9wYXltZW50L3JXZ3g3MUxoSGRZ  
 
[debug] [2020-09-30T14:04:26.357Z] <<< HTTP RESPONSE 200 {"content-type":"application/json; charset=UTF-8","vary":"X-Origin, Referer, Origin,Accept-Encoding","date":"Wed, 30 Sep 2020 14:04:26 GMT","server":"ESF","cache-control":"private","x-xss-protection":"0","x-frame-options":"SAMEORIGIN","x-content-type-options":"nosniff","alt-svc":"h3-Q050=\":443\"; ma=2592000,h3-29=\":443\"; ma=2592000,h3-27=\":443\"; ma=2592000,h3-T051=\":443\"; ma=2592000,h3-T050=\":443\"; ma=2592000,h3-Q046=\":443\"; ma=2592000,h3-Q043=\":443\"; ma=2592000,quic=\":443\"; ma=2592000; v=\"46,43\"","accept-ranges":"none","transfer-encoding":"chunked"}
[debug] [2020-09-30T14:04:28.362Z] >>> HTTP REQUEST GET https://cloudfunctions.googleapis.com/v1/operations/b3hmaXQtMDAwMS91cy1jZW50cmFsMS9wYXltZW50L3JXZ3g3MUxoSGRZ  
 
[debug] [2020-09-30T14:04:28.644Z] <<< HTTP RESPONSE 200 {"content-type":"application/json; charset=UTF-8","vary":"X-Origin, Referer, Origin,Accept-Encoding","date":"Wed, 30 Sep 2020 14:04:28 GMT","server":"ESF","cache-control":"private","x-xss-protection":"0","x-frame-options":"SAMEORIGIN","x-content-type-options":"nosniff","alt-svc":"h3-Q050=\":443\"; ma=2592000,h3-29=\":443\"; ma=2592000,h3-27=\":443\"; ma=2592000,h3-T051=\":443\"; ma=2592000,h3-T050=\":443\"; ma=2592000,h3-Q046=\":443\"; ma=2592000,h3-Q043=\":443\"; ma=2592000,quic=\":443\"; ma=2592000; v=\"46,43\"","accept-ranges":"none","transfer-encoding":"chunked"}
[debug] [2020-09-30T14:04:30.646Z] >>> HTTP REQUEST GET https://cloudfunctions.googleapis.com/v1/operations/b3hmaXQtMDAwMS91cy1jZW50cmFsMS9wYXltZW50L3JXZ3g3MUxoSGRZ  
 
[debug] [2020-09-30T14:04:31.231Z] <<< HTTP RESPONSE 200 {"content-type":"application/json; charset=UTF-8","vary":"X-Origin, Referer, Origin,Accept-Encoding","date":"Wed, 30 Sep 2020 14:04:31 GMT","server":"ESF","cache-control":"private","x-xss-protection":"0","x-frame-options":"SAMEORIGIN","x-content-type-options":"nosniff","alt-svc":"h3-Q050=\":443\"; ma=2592000,h3-29=\":443\"; ma=2592000,h3-27=\":443\"; ma=2592000,h3-T051=\":443\"; ma=2592000,h3-T050=\":443\"; ma=2592000,h3-Q046=\":443\"; ma=2592000,h3-Q043=\":443\"; ma=2592000,quic=\":443\"; ma=2592000; v=\"46,43\"","accept-ranges":"none","transfer-encoding":"chunked"}
[debug] [2020-09-30T14:04:33.232Z] >>> HTTP REQUEST GET https://cloudfunctions.googleapis.com/v1/operations/b3hmaXQtMDAwMS91cy1jZW50cmFsMS9wYXltZW50L3JXZ3g3MUxoSGRZ  
 
[debug] [2020-09-30T14:04:33.510Z] <<< HTTP RESPONSE 200 {"content-type":"application/json; charset=UTF-8","vary":"X-Origin, Referer, Origin,Accept-Encoding","date":"Wed, 30 Sep 2020 14:04:33 GMT","server":"ESF","cache-control":"private","x-xss-protection":"0","x-frame-options":"SAMEORIGIN","x-content-type-options":"nosniff","alt-svc":"h3-Q050=\":443\"; ma=2592000,h3-29=\":443\"; ma=2592000,h3-27=\":443\"; ma=2592000,h3-T051=\":443\"; ma=2592000,h3-T050=\":443\"; ma=2592000,h3-Q046=\":443\"; ma=2592000,h3-Q043=\":443\"; ma=2592000,quic=\":443\"; ma=2592000; v=\"46,43\"","accept-ranges":"none","transfer-encoding":"chunked"}
[debug] [2020-09-30T14:04:35.511Z] >>> HTTP REQUEST GET https://cloudfunctions.googleapis.com/v1/operations/b3hmaXQtMDAwMS91cy1jZW50cmFsMS9wYXltZW50L3JXZ3g3MUxoSGRZ  
 
[debug] [2020-09-30T14:04:35.791Z] <<< HTTP RESPONSE 200 {"content-type":"application/json; charset=UTF-8","vary":"X-Origin, Referer, Origin,Accept-Encoding","date":"Wed, 30 Sep 2020 14:04:35 GMT","server":"ESF","cache-control":"private","x-xss-protection":"0","x-frame-options":"SAMEORIGIN","x-content-type-options":"nosniff","alt-svc":"h3-Q050=\":443\"; ma=2592000,h3-29=\":443\"; ma=2592000,h3-27=\":443\"; ma=2592000,h3-T051=\":443\"; ma=2592000,h3-T050=\":443\"; ma=2592000,h3-Q046=\":443\"; ma=2592000,h3-Q043=\":443\"; ma=2592000,quic=\":443\"; ma=2592000; v=\"46,43\"","accept-ranges":"none","transfer-encoding":"chunked"}
[debug] [2020-09-30T14:04:37.796Z] >>> HTTP REQUEST GET https://cloudfunctions.googleapis.com/v1/operations/b3hmaXQtMDAwMS91cy1jZW50cmFsMS9wYXltZW50L3JXZ3g3MUxoSGRZ  
 
[debug] [2020-09-30T14:04:38.081Z] <<< HTTP RESPONSE 200 {"content-type":"application/json; charset=UTF-8","vary":"X-Origin, Referer, Origin,Accept-Encoding","date":"Wed, 30 Sep 2020 14:04:38 GMT","server":"ESF","cache-control":"private","x-xss-protection":"0","x-frame-options":"SAMEORIGIN","x-content-type-options":"nosniff","alt-svc":"h3-Q050=\":443\"; ma=2592000,h3-29=\":443\"; ma=2592000,h3-27=\":443\"; ma=2592000,h3-T051=\":443\"; ma=2592000,h3-T050=\":443\"; ma=2592000,h3-Q046=\":443\"; ma=2592000,h3-Q043=\":443\"; ma=2592000,quic=\":443\"; ma=2592000; v=\"46,43\"","accept-ranges":"none","transfer-encoding":"chunked"}
[debug] [2020-09-30T14:04:40.083Z] >>> HTTP REQUEST GET https://cloudfunctions.googleapis.com/v1/operations/b3hmaXQtMDAwMS91cy1jZW50cmFsMS9wYXltZW50L3JXZ3g3MUxoSGRZ  
 
[debug] [2020-09-30T14:04:40.360Z] <<< HTTP RESPONSE 200 {"content-type":"application/json; charset=UTF-8","vary":"X-Origin, Referer, Origin,Accept-Encoding","date":"Wed, 30 Sep 2020 14:04:40 GMT","server":"ESF","cache-control":"private","x-xss-protection":"0","x-frame-options":"SAMEORIGIN","x-content-type-options":"nosniff","alt-svc":"h3-Q050=\":443\"; ma=2592000,h3-29=\":443\"; ma=2592000,h3-27=\":443\"; ma=2592000,h3-T051=\":443\"; ma=2592000,h3-T050=\":443\"; ma=2592000,h3-Q046=\":443\"; ma=2592000,h3-Q043=\":443\"; ma=2592000,quic=\":443\"; ma=2592000; v=\"46,43\"","accept-ranges":"none","transfer-encoding":"chunked"}
[debug] [2020-09-30T14:04:42.366Z] >>> HTTP REQUEST GET https://cloudfunctions.googleapis.com/v1/operations/b3hmaXQtMDAwMS91cy1jZW50cmFsMS9wYXltZW50L3JXZ3g3MUxoSGRZ  
 
[debug] [2020-09-30T14:04:42.653Z] <<< HTTP RESPONSE 200 {"content-type":"application/json; charset=UTF-8","vary":"X-Origin, Referer, Origin,Accept-Encoding","date":"Wed, 30 Sep 2020 14:04:42 GMT","server":"ESF","cache-control":"private","x-xss-protection":"0","x-frame-options":"SAMEORIGIN","x-content-type-options":"nosniff","alt-svc":"h3-Q050=\":443\"; ma=2592000,h3-29=\":443\"; ma=2592000,h3-27=\":443\"; ma=2592000,h3-T051=\":443\"; ma=2592000,h3-T050=\":443\"; ma=2592000,h3-Q046=\":443\"; ma=2592000,h3-Q043=\":443\"; ma=2592000,quic=\":443\"; ma=2592000; v=\"46,43\"","accept-ranges":"none","transfer-encoding":"chunked"}
[debug] [2020-09-30T14:04:44.656Z] >>> HTTP REQUEST GET https://cloudfunctions.googleapis.com/v1/operations/b3hmaXQtMDAwMS91cy1jZW50cmFsMS9wYXltZW50L3JXZ3g3MUxoSGRZ  
 
[debug] [2020-09-30T14:04:44.950Z] <<< HTTP RESPONSE 200 {"content-type":"application/json; charset=UTF-8","vary":"X-Origin, Referer, Origin,Accept-Encoding","date":"Wed, 30 Sep 2020 14:04:44 GMT","server":"ESF","cache-control":"private","x-xss-protection":"0","x-frame-options":"SAMEORIGIN","x-content-type-options":"nosniff","alt-svc":"h3-Q050=\":443\"; ma=2592000,h3-29=\":443\"; ma=2592000,h3-27=\":443\"; ma=2592000,h3-T051=\":443\"; ma=2592000,h3-T050=\":443\"; ma=2592000,h3-Q046=\":443\"; ma=2592000,h3-Q043=\":443\"; ma=2592000,quic=\":443\"; ma=2592000; v=\"46,43\"","accept-ranges":"none","transfer-encoding":"chunked"}
[debug] [2020-09-30T14:04:46.951Z] >>> HTTP REQUEST GET https://cloudfunctions.googleapis.com/v1/operations/b3hmaXQtMDAwMS91cy1jZW50cmFsMS9wYXltZW50L3JXZ3g3MUxoSGRZ  
 
[debug] [2020-09-30T14:04:47.214Z] <<< HTTP RESPONSE 200 {"content-type":"application/json; charset=UTF-8","vary":"X-Origin, Referer, Origin,Accept-Encoding","date":"Wed, 30 Sep 2020 14:04:47 GMT","server":"ESF","cache-control":"private","x-xss-protection":"0","x-frame-options":"SAMEORIGIN","x-content-type-options":"nosniff","alt-svc":"h3-Q050=\":443\"; ma=2592000,h3-29=\":443\"; ma=2592000,h3-27=\":443\"; ma=2592000,h3-T051=\":443\"; ma=2592000,h3-T050=\":443\"; ma=2592000,h3-Q046=\":443\"; ma=2592000,h3-Q043=\":443\"; ma=2592000,quic=\":443\"; ma=2592000; v=\"46,43\"","accept-ranges":"none","transfer-encoding":"chunked"}
[debug] [2020-09-30T14:04:49.216Z] >>> HTTP REQUEST GET https://cloudfunctions.googleapis.com/v1/operations/b3hmaXQtMDAwMS91cy1jZW50cmFsMS9wYXltZW50L3JXZ3g3MUxoSGRZ  
 
[debug] [2020-09-30T14:04:49.512Z] <<< HTTP RESPONSE 200 {"content-type":"application/json; charset=UTF-8","vary":"X-Origin, Referer, Origin,Accept-Encoding","date":"Wed, 30 Sep 2020 14:04:49 GMT","server":"ESF","cache-control":"private","x-xss-protection":"0","x-frame-options":"SAMEORIGIN","x-content-type-options":"nosniff","alt-svc":"h3-Q050=\":443\"; ma=2592000,h3-29=\":443\"; ma=2592000,h3-27=\":443\"; ma=2592000,h3-T051=\":443\"; ma=2592000,h3-T050=\":443\"; ma=2592000,h3-Q046=\":443\"; ma=2592000,h3-Q043=\":443\"; ma=2592000,quic=\":443\"; ma=2592000; v=\"46,43\"","accept-ranges":"none","transfer-encoding":"chunked"}
[debug] [2020-09-30T14:04:51.516Z] >>> HTTP REQUEST GET https://cloudfunctions.googleapis.com/v1/operations/b3hmaXQtMDAwMS91cy1jZW50cmFsMS9wYXltZW50L3JXZ3g3MUxoSGRZ  
 
[debug] [2020-09-30T14:04:51.811Z] <<< HTTP RESPONSE 200 {"content-type":"application/json; charset=UTF-8","vary":"X-Origin, Referer, Origin,Accept-Encoding","date":"Wed, 30 Sep 2020 14:04:51 GMT","server":"ESF","cache-control":"private","x-xss-protection":"0","x-frame-options":"SAMEORIGIN","x-content-type-options":"nosniff","alt-svc":"h3-Q050=\":443\"; ma=2592000,h3-29=\":443\"; ma=2592000,h3-27=\":443\"; ma=2592000,h3-T051=\":443\"; ma=2592000,h3-T050=\":443\"; ma=2592000,h3-Q046=\":443\"; ma=2592000,h3-Q043=\":443\"; ma=2592000,quic=\":443\"; ma=2592000; v=\"46,43\"","accept-ranges":"none","transfer-encoding":"chunked"}
[debug] [2020-09-30T14:04:53.816Z] >>> HTTP REQUEST GET https://cloudfunctions.googleapis.com/v1/operations/b3hmaXQtMDAwMS91cy1jZW50cmFsMS9wYXltZW50L3JXZ3g3MUxoSGRZ  
 
[debug] [2020-09-30T14:04:54.112Z] <<< HTTP RESPONSE 200 {"content-type":"application/json; charset=UTF-8","vary":"X-Origin, Referer, Origin,Accept-Encoding","date":"Wed, 30 Sep 2020 14:04:54 GMT","server":"ESF","cache-control":"private","x-xss-protection":"0","x-frame-options":"SAMEORIGIN","x-content-type-options":"nosniff","alt-svc":"h3-Q050=\":443\"; ma=2592000,h3-29=\":443\"; ma=2592000,h3-27=\":443\"; ma=2592000,h3-T051=\":443\"; ma=2592000,h3-T050=\":443\"; ma=2592000,h3-Q046=\":443\"; ma=2592000,h3-Q043=\":443\"; ma=2592000,quic=\":443\"; ma=2592000; v=\"46,43\"","accept-ranges":"none","transfer-encoding":"chunked"}
[debug] [2020-09-30T14:04:56.118Z] >>> HTTP REQUEST GET https://cloudfunctions.googleapis.com/v1/operations/b3hmaXQtMDAwMS91cy1jZW50cmFsMS9wYXltZW50L3JXZ3g3MUxoSGRZ  
 
[debug] [2020-09-30T14:04:56.396Z] <<< HTTP RESPONSE 200 {"content-type":"application/json; charset=UTF-8","vary":"X-Origin, Referer, Origin,Accept-Encoding","date":"Wed, 30 Sep 2020 14:04:56 GMT","server":"ESF","cache-control":"private","x-xss-protection":"0","x-frame-options":"SAMEORIGIN","x-content-type-options":"nosniff","alt-svc":"h3-Q050=\":443\"; ma=2592000,h3-29=\":443\"; ma=2592000,h3-27=\":443\"; ma=2592000,h3-T051=\":443\"; ma=2592000,h3-T050=\":443\"; ma=2592000,h3-Q046=\":443\"; ma=2592000,h3-Q043=\":443\"; ma=2592000,quic=\":443\"; ma=2592000; v=\"46,43\"","accept-ranges":"none","transfer-encoding":"chunked"}
[debug] [2020-09-30T14:04:58.402Z] >>> HTTP REQUEST GET https://cloudfunctions.googleapis.com/v1/operations/b3hmaXQtMDAwMS91cy1jZW50cmFsMS9wYXltZW50L3JXZ3g3MUxoSGRZ  
 
[debug] [2020-09-30T14:04:58.703Z] <<< HTTP RESPONSE 200 {"content-type":"application/json; charset=UTF-8","vary":"X-Origin, Referer, Origin,Accept-Encoding","date":"Wed, 30 Sep 2020 14:04:58 GMT","server":"ESF","cache-control":"private","x-xss-protection":"0","x-frame-options":"SAMEORIGIN","x-content-type-options":"nosniff","alt-svc":"h3-Q050=\":443\"; ma=2592000,h3-29=\":443\"; ma=2592000,h3-27=\":443\"; ma=2592000,h3-T051=\":443\"; ma=2592000,h3-T050=\":443\"; ma=2592000,h3-Q046=\":443\"; ma=2592000,h3-Q043=\":443\"; ma=2592000,quic=\":443\"; ma=2592000; v=\"46,43\"","accept-ranges":"none","transfer-encoding":"chunked"}
[debug] [2020-09-30T14:05:00.705Z] >>> HTTP REQUEST GET https://cloudfunctions.googleapis.com/v1/operations/b3hmaXQtMDAwMS91cy1jZW50cmFsMS9wYXltZW50L3JXZ3g3MUxoSGRZ  
 
[debug] [2020-09-30T14:05:00.979Z] <<< HTTP RESPONSE 200 {"content-type":"application/json; charset=UTF-8","vary":"X-Origin, Referer, Origin,Accept-Encoding","date":"Wed, 30 Sep 2020 14:05:00 GMT","server":"ESF","cache-control":"private","x-xss-protection":"0","x-frame-options":"SAMEORIGIN","x-content-type-options":"nosniff","alt-svc":"h3-Q050=\":443\"; ma=2592000,h3-29=\":443\"; ma=2592000,h3-27=\":443\"; ma=2592000,h3-T051=\":443\"; ma=2592000,h3-T050=\":443\"; ma=2592000,h3-Q046=\":443\"; ma=2592000,h3-Q043=\":443\"; ma=2592000,quic=\":443\"; ma=2592000; v=\"46,43\"","accept-ranges":"none","transfer-encoding":"chunked"}
[debug] [2020-09-30T14:05:02.981Z] >>> HTTP REQUEST GET https://cloudfunctions.googleapis.com/v1/operations/b3hmaXQtMDAwMS91cy1jZW50cmFsMS9wYXltZW50L3JXZ3g3MUxoSGRZ  
 
[debug] [2020-09-30T14:05:03.282Z] <<< HTTP RESPONSE 200 {"content-type":"application/json; charset=UTF-8","vary":"X-Origin, Referer, Origin,Accept-Encoding","date":"Wed, 30 Sep 2020 14:05:03 GMT","server":"ESF","cache-control":"private","x-xss-protection":"0","x-frame-options":"SAMEORIGIN","x-content-type-options":"nosniff","alt-svc":"h3-Q050=\":443\"; ma=2592000,h3-29=\":443\"; ma=2592000,h3-27=\":443\"; ma=2592000,h3-T051=\":443\"; ma=2592000,h3-T050=\":443\"; ma=2592000,h3-Q046=\":443\"; ma=2592000,h3-Q043=\":443\"; ma=2592000,quic=\":443\"; ma=2592000; v=\"46,43\"","accept-ranges":"none","transfer-encoding":"chunked"}
[debug] [2020-09-30T14:05:05.282Z] >>> HTTP REQUEST GET https://cloudfunctions.googleapis.com/v1/operations/b3hmaXQtMDAwMS91cy1jZW50cmFsMS9wYXltZW50L3JXZ3g3MUxoSGRZ  
 
[debug] [2020-09-30T14:05:05.566Z] <<< HTTP RESPONSE 200 {"content-type":"application/json; charset=UTF-8","vary":"X-Origin, Referer, Origin,Accept-Encoding","date":"Wed, 30 Sep 2020 14:05:05 GMT","server":"ESF","cache-control":"private","x-xss-protection":"0","x-frame-options":"SAMEORIGIN","x-content-type-options":"nosniff","alt-svc":"h3-Q050=\":443\"; ma=2592000,h3-29=\":443\"; ma=2592000,h3-27=\":443\"; ma=2592000,h3-T051=\":443\"; ma=2592000,h3-T050=\":443\"; ma=2592000,h3-Q046=\":443\"; ma=2592000,h3-Q043=\":443\"; ma=2592000,quic=\":443\"; ma=2592000; v=\"46,43\"","accept-ranges":"none","transfer-encoding":"chunked"}
[debug] [2020-09-30T14:05:07.569Z] >>> HTTP REQUEST GET https://cloudfunctions.googleapis.com/v1/operations/b3hmaXQtMDAwMS91cy1jZW50cmFsMS9wYXltZW50L3JXZ3g3MUxoSGRZ  
 
[debug] [2020-09-30T14:05:07.843Z] <<< HTTP RESPONSE 200 {"content-type":"application/json; charset=UTF-8","vary":"X-Origin, Referer, Origin,Accept-Encoding","date":"Wed, 30 Sep 2020 14:05:07 GMT","server":"ESF","cache-control":"private","x-xss-protection":"0","x-frame-options":"SAMEORIGIN","x-content-type-options":"nosniff","alt-svc":"h3-Q050=\":443\"; ma=2592000,h3-29=\":443\"; ma=2592000,h3-27=\":443\"; ma=2592000,h3-T051=\":443\"; ma=2592000,h3-T050=\":443\"; ma=2592000,h3-Q046=\":443\"; ma=2592000,h3-Q043=\":443\"; ma=2592000,quic=\":443\"; ma=2592000; v=\"46,43\"","accept-ranges":"none","transfer-encoding":"chunked"}
[debug] [2020-09-30T14:05:09.843Z] >>> HTTP REQUEST GET https://cloudfunctions.googleapis.com/v1/operations/b3hmaXQtMDAwMS91cy1jZW50cmFsMS9wYXltZW50L3JXZ3g3MUxoSGRZ  
 
[debug] [2020-09-30T14:05:10.130Z] <<< HTTP RESPONSE 200 {"content-type":"application/json; charset=UTF-8","vary":"X-Origin, Referer, Origin,Accept-Encoding","date":"Wed, 30 Sep 2020 14:05:10 GMT","server":"ESF","cache-control":"private","x-xss-protection":"0","x-frame-options":"SAMEORIGIN","x-content-type-options":"nosniff","alt-svc":"h3-Q050=\":443\"; ma=2592000,h3-29=\":443\"; ma=2592000,h3-27=\":443\"; ma=2592000,h3-T051=\":443\"; ma=2592000,h3-T050=\":443\"; ma=2592000,h3-Q046=\":443\"; ma=2592000,h3-Q043=\":443\"; ma=2592000,quic=\":443\"; ma=2592000; v=\"46,43\"","accept-ranges":"none","transfer-encoding":"chunked"}
[debug] [2020-09-30T14:05:12.132Z] >>> HTTP REQUEST GET https://cloudfunctions.googleapis.com/v1/operations/b3hmaXQtMDAwMS91cy1jZW50cmFsMS9wYXltZW50L3JXZ3g3MUxoSGRZ  
 
[debug] [2020-09-30T14:05:12.400Z] <<< HTTP RESPONSE 200 {"content-type":"application/json; charset=UTF-8","vary":"X-Origin, Referer, Origin,Accept-Encoding","date":"Wed, 30 Sep 2020 14:05:12 GMT","server":"ESF","cache-control":"private","x-xss-protection":"0","x-frame-options":"SAMEORIGIN","x-content-type-options":"nosniff","alt-svc":"h3-Q050=\":443\"; ma=2592000,h3-29=\":443\"; ma=2592000,h3-27=\":443\"; ma=2592000,h3-T051=\":443\"; ma=2592000,h3-T050=\":443\"; ma=2592000,h3-Q046=\":443\"; ma=2592000,h3-Q043=\":443\"; ma=2592000,quic=\":443\"; ma=2592000; v=\"46,43\"","accept-ranges":"none","transfer-encoding":"chunked"}
[debug] [2020-09-30T14:05:14.404Z] >>> HTTP REQUEST GET https://cloudfunctions.googleapis.com/v1/operations/b3hmaXQtMDAwMS91cy1jZW50cmFsMS9wYXltZW50L3JXZ3g3MUxoSGRZ  
 
[debug] [2020-09-30T14:05:14.687Z] <<< HTTP RESPONSE 200 {"content-type":"application/json; charset=UTF-8","vary":"X-Origin, Referer, Origin,Accept-Encoding","date":"Wed, 30 Sep 2020 14:05:14 GMT","server":"ESF","cache-control":"private","x-xss-protection":"0","x-frame-options":"SAMEORIGIN","x-content-type-options":"nosniff","alt-svc":"h3-Q050=\":443\"; ma=2592000,h3-29=\":443\"; ma=2592000,h3-27=\":443\"; ma=2592000,h3-T051=\":443\"; ma=2592000,h3-T050=\":443\"; ma=2592000,h3-Q046=\":443\"; ma=2592000,h3-Q043=\":443\"; ma=2592000,quic=\":443\"; ma=2592000; v=\"46,43\"","accept-ranges":"none","transfer-encoding":"chunked"}
[debug] [2020-09-30T14:05:16.688Z] >>> HTTP REQUEST GET https://cloudfunctions.googleapis.com/v1/operations/b3hmaXQtMDAwMS91cy1jZW50cmFsMS9wYXltZW50L3JXZ3g3MUxoSGRZ  
 
[debug] [2020-09-30T14:05:16.961Z] <<< HTTP RESPONSE 200 {"content-type":"application/json; charset=UTF-8","vary":"X-Origin, Referer, Origin,Accept-Encoding","date":"Wed, 30 Sep 2020 14:05:16 GMT","server":"ESF","cache-control":"private","x-xss-protection":"0","x-frame-options":"SAMEORIGIN","x-content-type-options":"nosniff","alt-svc":"h3-Q050=\":443\"; ma=2592000,h3-29=\":443\"; ma=2592000,h3-27=\":443\"; ma=2592000,h3-T051=\":443\"; ma=2592000,h3-T050=\":443\"; ma=2592000,h3-Q046=\":443\"; ma=2592000,h3-Q043=\":443\"; ma=2592000,quic=\":443\"; ma=2592000; v=\"46,43\"","accept-ranges":"none","transfer-encoding":"chunked"}
[debug] [2020-09-30T14:05:18.967Z] >>> HTTP REQUEST GET https://cloudfunctions.googleapis.com/v1/operations/b3hmaXQtMDAwMS91cy1jZW50cmFsMS9wYXltZW50L3JXZ3g3MUxoSGRZ  
 
[debug] [2020-09-30T14:05:19.231Z] <<< HTTP RESPONSE 200 {"content-type":"application/json; charset=UTF-8","vary":"X-Origin, Referer, Origin,Accept-Encoding","date":"Wed, 30 Sep 2020 14:05:19 GMT","server":"ESF","cache-control":"private","x-xss-protection":"0","x-frame-options":"SAMEORIGIN","x-content-type-options":"nosniff","alt-svc":"h3-Q050=\":443\"; ma=2592000,h3-29=\":443\"; ma=2592000,h3-27=\":443\"; ma=2592000,h3-T051=\":443\"; ma=2592000,h3-T050=\":443\"; ma=2592000,h3-Q046=\":443\"; ma=2592000,h3-Q043=\":443\"; ma=2592000,quic=\":443\"; ma=2592000; v=\"46,43\"","accept-ranges":"none","transfer-encoding":"chunked"}
